<?xml version="1.0" encoding="UTF-8"?>
<testng-results ignored="0" total="1" passed="1" failed="0" skipped="0">
  <reporter-output>
  </reporter-output>
  <suite started-at="2021-04-21T13:28:58 IST" name="Default suite" finished-at="2021-04-21T13:29:12 IST" duration-ms="14201">
    <groups>
    </groups>
    <test started-at="2021-04-21T13:28:58 IST" name="Default test" finished-at="2021-04-21T13:29:12 IST" duration-ms="14201">
      <class name="testng">
        <test-method signature="Login()[pri:0, instance:testng@61001b64]" started-at="2021-04-21T13:28:58 IST" name="Login" finished-at="2021-04-21T13:29:12 IST" duration-ms="13881" status="PASS">
          <reporter-output>
          </reporter-output>
        </test-method> <!-- Login -->
        <test-method is-config="true" signature="teardown()[pri:0, instance:testng@61001b64]" started-at="2021-04-21T13:29:12 IST" name="teardown" finished-at="2021-04-21T13:29:12 IST" duration-ms="254" status="PASS">
          <reporter-output>
          </reporter-output>
        </test-method> <!-- teardown -->
      </class> <!-- testng -->
    </test> <!-- Default test -->
  </suite> <!-- Default suite -->
</testng-results>
